<?xml version="1.0" encoding="UTF-8"?>
<testsuite xmlns:xsi="http://www.w3.org/2001/XMLSchema-instance" xsi:noNamespaceSchemaLocation="https://maven.apache.org/surefire/maven-surefire-plugin/xsd/surefire-test-report-3.0.xsd" version="3.0" name="com.client.tmp.ClientTmpApplicationTests" time="23.423" tests="1" errors="0" skipped="0" failures="0">
  <properties>
[...]
</properties>
  <testcase name="contextLoads" classname="com.client.tmp.ClientTmpApplicationTests" time="1.545">
    <system-out><![CDATA[21:30:54.198 [main] INFO org.springframework.test.context.support.AnnotationConfigContextLoaderUtils -- Could not detect default configuration classes for test class [com.client.tmp.ClientTmpApplicationTests]: ClientTmpApplicationTests does not declare any static, non-private, non-final, nested classes annotated with @Configuration.
21:30:54.427 [main] INFO org.springframework.boot.test.context.SpringBootTestContextBootstrapper -- Found @SpringBootConfiguration com.client.tmp.ClientTmpApplication for test class com.client.tmp.ClientTmpApplicationTests

  .   ____          _            __ _ _
 /\\ / ___'_ __ _ _(_)_ __  __ _ \ \ \ \
( ( )\___ | '_ | '_| | '_ \/ _` | \ \ \ \
 \\/  ___)| |_)| | | | | || (_| |  ) ) ) )
  '  |____| .__|_| |_|_| |_\__, | / / / /
 =========|_|==============|___/=/_/_/_/
 :: Spring Boot ::                (v3.2.1)

2024-01-16T21:30:56.778+01:00  INFO 23196 --- [taxetnb-client] [           main] c.client.tmp.ClientTmpApplicationTests   : Starting ClientTmpApplicationTests using Java 17.0.9 with PID 23196 (started by ORIGINAL in C:\Users\ORIGINAL\Downloads\Microservices_Tmp_Taxe\Microservices_Tmp_Taxe\Client_Tmp)
2024-01-16T21:30:56.785+01:00  INFO 23196 --- [taxetnb-client] [           main] c.client.tmp.ClientTmpApplicationTests   : No active profile set, falling back to 1 default profile: "default"
2024-01-16T21:31:00.180+01:00  INFO 23196 --- [taxetnb-client] [           main] .s.d.r.c.RepositoryConfigurationDelegate : Bootstrapping Spring Data JPA repositories in DEFAULT mode.
2024-01-16T21:31:00.246+01:00  INFO 23196 --- [taxetnb-client] [           main] .s.d.r.c.RepositoryConfigurationDelegate : Finished Spring Data repository scanning in 41 ms. Found 0 JPA repository interfaces.
2024-01-16T21:31:01.410+01:00  INFO 23196 --- [taxetnb-client] [           main] o.s.cloud.context.scope.GenericScope     : BeanFactory id=fc5218bc-6920-3e03-95f7-83ad8d4c12a2
2024-01-16T21:31:02.552+01:00  WARN 23196 --- [taxetnb-client] [           main] trationDelegate$BeanPostProcessorChecker : Bean 'org.springframework.cloud.client.loadbalancer.reactive.LoadBalancerBeanPostProcessorAutoConfiguration' of type [org.springframework.cloud.client.loadbalancer.reactive.LoadBalancerBeanPostProcessorAutoConfiguration] is not eligible for getting processed by all BeanPostProcessors (for example: not eligible for auto-proxying). The currently created BeanPostProcessor [loadBalancerWebClientBuilderBeanPostProcessor] is declared through a non-static factory method on that class; consider declaring it as static instead.
2024-01-16T21:31:02.560+01:00  WARN 23196 --- [taxetnb-client] [           main] trationDelegate$BeanPostProcessorChecker : Bean 'org.springframework.cloud.client.loadbalancer.reactive.LoadBalancerBeanPostProcessorAutoConfiguration$ReactorDeferringLoadBalancerFilterConfig' of type [org.springframework.cloud.client.loadbalancer.reactive.LoadBalancerBeanPostProcessorAutoConfiguration$ReactorDeferringLoadBalancerFilterConfig] is not eligible for getting processed by all BeanPostProcessors (for example: not eligible for auto-proxying). Is this bean getting eagerly injected into a currently created BeanPostProcessor [loadBalancerWebClientBuilderBeanPostProcessor]? Check the corresponding BeanPostProcessor declaration and its dependencies.
2024-01-16T21:31:02.567+01:00  WARN 23196 --- [taxetnb-client] [           main] trationDelegate$BeanPostProcessorChecker : Bean 'reactorDeferringLoadBalancerExchangeFilterFunction' of type [org.springframework.cloud.client.loadbalancer.reactive.DeferringLoadBalancerExchangeFilterFunction] is not eligible for getting processed by all BeanPostProcessors (for example: not eligible for auto-proxying). Is this bean getting eagerly injected into a currently created BeanPostProcessor [loadBalancerWebClientBuilderBeanPostProcessor]? Check the corresponding BeanPostProcessor declaration and its dependencies.
2024-01-16T21:31:03.274+01:00  INFO 23196 --- [taxetnb-client] [           main] com.zaxxer.hikari.HikariDataSource       : HikariPool-1 - Starting...
2024-01-16T21:31:03.961+01:00  INFO 23196 --- [taxetnb-client] [           main] com.zaxxer.hikari.pool.HikariPool        : HikariPool-1 - Added connection conn0: url=jdbc:h2:mem:c3911a59-19bb-4215-b481-13eddf9d1471 user=SA
2024-01-16T21:31:03.969+01:00  INFO 23196 --- [taxetnb-client] [           main] com.zaxxer.hikari.HikariDataSource       : HikariPool-1 - Start completed.
2024-01-16T21:31:04.128+01:00  INFO 23196 --- [taxetnb-client] [           main] o.hibernate.jpa.internal.util.LogHelper  : HHH000204: Processing PersistenceUnitInfo [name: default]
2024-01-16T21:31:04.416+01:00  INFO 23196 --- [taxetnb-client] [           main] org.hibernate.Version                    : HHH000412: Hibernate ORM core version 6.4.1.Final
2024-01-16T21:31:04.554+01:00  INFO 23196 --- [taxetnb-client] [           main] o.h.c.internal.RegionFactoryInitiator    : HHH000026: Second-level cache disabled
2024-01-16T21:31:05.510+01:00  INFO 23196 --- [taxetnb-client] [           main] o.s.o.j.p.SpringPersistenceUnitInfo      : No LoadTimeWeaver setup: ignoring JPA class transformer
2024-01-16T21:31:06.725+01:00  INFO 23196 --- [taxetnb-client] [           main] o.h.e.t.j.p.i.JtaPlatformInitiator       : HHH000489: No JTA platform available (set 'hibernate.transaction.jta.platform' to enable JTA platform integration)
2024-01-16T21:31:06.740+01:00  INFO 23196 --- [taxetnb-client] [           main] j.LocalContainerEntityManagerFactoryBean : Initialized JPA EntityManagerFactory for persistence unit 'default'
2024-01-16T21:31:07.933+01:00  WARN 23196 --- [taxetnb-client] [           main] JpaBaseConfiguration$JpaWebConfiguration : spring.jpa.open-in-view is enabled by default. Therefore, database queries may be performed during view rendering. Explicitly configure spring.jpa.open-in-view to disable this warning
2024-01-16T21:31:10.902+01:00  INFO 23196 --- [taxetnb-client] [           main] o.s.cloud.commons.util.InetUtils         : Cannot determine local hostname
2024-01-16T21:31:10.969+01:00  INFO 23196 --- [taxetnb-client] [           main] DiscoveryClientOptionalArgsConfiguration : Eureka HTTP Client uses RestTemplate.
2024-01-16T21:31:12.463+01:00  INFO 23196 --- [taxetnb-client] [           main] o.s.cloud.commons.util.InetUtils         : Cannot determine local hostname
2024-01-16T21:31:13.832+01:00  INFO 23196 --- [taxetnb-client] [           main] o.s.cloud.commons.util.InetUtils         : Cannot determine local hostname
2024-01-16T21:31:13.911+01:00  WARN 23196 --- [taxetnb-client] [           main] iguration$LoadBalancerCaffeineWarnLogger : Spring Cloud LoadBalancer is currently working with the default cache. While this cache implementation is useful for development and tests, it's recommended to use Caffeine cache in production.You can switch to using Caffeine cache, by adding it and org.springframework.cache.caffeine.CaffeineCacheManager to the classpath.
2024-01-16T21:31:14.006+01:00  INFO 23196 --- [taxetnb-client] [           main] o.s.c.n.eureka.InstanceInfoFactory       : Setting initial instance status as: STARTING
2024-01-16T21:31:14.250+01:00  INFO 23196 --- [taxetnb-client] [           main] com.netflix.discovery.DiscoveryClient    : Initializing Eureka in region us-east-1
2024-01-16T21:31:14.260+01:00  INFO 23196 --- [taxetnb-client] [           main] c.n.d.s.r.aws.ConfigClusterResolver      : Resolving eureka endpoints via configuration
2024-01-16T21:31:14.321+01:00  INFO 23196 --- [taxetnb-client] [           main] com.netflix.discovery.DiscoveryClient    : Disable delta property : false
2024-01-16T21:31:14.322+01:00  INFO 23196 --- [taxetnb-client] [           main] com.netflix.discovery.DiscoveryClient    : Single vip registry refresh property : null
2024-01-16T21:31:14.322+01:00  INFO 23196 --- [taxetnb-client] [           main] com.netflix.discovery.DiscoveryClient    : Force full registry fetch : false
2024-01-16T21:31:14.322+01:00  INFO 23196 --- [taxetnb-client] [           main] com.netflix.discovery.DiscoveryClient    : Application is null : false
2024-01-16T21:31:14.322+01:00  INFO 23196 --- [taxetnb-client] [           main] com.netflix.discovery.DiscoveryClient    : Registered Applications size is zero : true
2024-01-16T21:31:14.323+01:00  INFO 23196 --- [taxetnb-client] [           main] com.netflix.discovery.DiscoveryClient    : Application version is -1: true
2024-01-16T21:31:14.323+01:00  INFO 23196 --- [taxetnb-client] [           main] com.netflix.discovery.DiscoveryClient    : Getting all instance registry info from the eureka server
2024-01-16T21:31:15.548+01:00  INFO 23196 --- [taxetnb-client] [           main] com.netflix.discovery.DiscoveryClient    : The response status is 200
2024-01-16T21:31:15.554+01:00  INFO 23196 --- [taxetnb-client] [           main] com.netflix.discovery.DiscoveryClient    : Starting heartbeat executor: renew interval is: 30
2024-01-16T21:31:15.562+01:00  INFO 23196 --- [taxetnb-client] [           main] c.n.discovery.InstanceInfoReplicator     : InstanceInfoReplicator onDemand update allowed rate per min is 4
2024-01-16T21:31:15.576+01:00  INFO 23196 --- [taxetnb-client] [           main] com.netflix.discovery.DiscoveryClient    : Discovery Client initialized at timestamp 1705437075572 with initial instances count: 0
2024-01-16T21:31:15.585+01:00  INFO 23196 --- [taxetnb-client] [           main] o.s.c.n.e.s.EurekaServiceRegistry        : Registering application TAXETNB-CLIENT with eureka with status UP
2024-01-16T21:31:15.587+01:00  INFO 23196 --- [taxetnb-client] [           main] com.netflix.discovery.DiscoveryClient    : Saw local status change event StatusChangeEvent [timestamp=1705437075587, current=UP, previous=STARTING]
2024-01-16T21:31:15.591+01:00  INFO 23196 --- [taxetnb-client] [nfoReplicator-0] com.netflix.discovery.DiscoveryClient    : DiscoveryClient_TAXETNB-CLIENT/localhost:taxetnb-client:8083: registering service...
2024-01-16T21:31:15.630+01:00  INFO 23196 --- [taxetnb-client] [           main] c.client.tmp.ClientTmpApplicationTests   : Started ClientTmpApplicationTests in 20.804 seconds (process running for 23.116)
2024-01-16T21:31:15.945+01:00  INFO 23196 --- [taxetnb-client] [nfoReplicator-0] com.netflix.discovery.DiscoveryClient    : DiscoveryClient_TAXETNB-CLIENT/localhost:taxetnb-client:8083 - registration status: 204
]]></system-out>
  </testcase>
</testsuite>